py : Traceback (most recent call last):
In Zeile:1 Zeichen:1
+ py scripts/validate-spec-structure.py 2>&1 | Out-File -Encoding UTF8  ...
+ ~~~~~~~~~~~~~~~~~~~~~~~~~~~~~~~~~~~~~~~~~~
    + CategoryInfo          : NotSpecified: (Traceback (most recent call last)::String) [], RemoteException
    + FullyQualifiedErrorId : NativeCommandError
 
  File "D:\Repos\IEEE_1588_2019\scripts\validate-spec-structure.py", line 184, in <module>
    sys.exit(main(sys.argv))
             ~~~~^^^^^^^^^^
  File "D:\Repos\IEEE_1588_2019\scripts\validate-spec-structure.py", line 172, in main
    print(f"\u2705 {path.relative_to(ROOT)} valid")
    ~~~~~^^^^^^^^^^^^^^^^^^^^^^^^^^^^^^^^^^^^^^
  File "C:\Users\zarfld\AppData\Local\Programs\Python\Python313\Lib\encodings\cp1252.py", line 19, in encode
    return codecs.charmap_encode(input,self.errors,encoding_table)[0]
           ~~~~~~~~~~~~~~~~~~~~~^^^^^^^^^^^^^^^^^^^^^^^^^^^^^^^^^^
UnicodeEncodeError: 'charmap' codec can't encode character '\u2705' in position 0: character maps to <undefined>
